[Feb 21 07:43:21.159] traffic_server STATUS: opened /opt/trafficserver/var/log/diags.log
[Feb 21 07:43:21.159] traffic_server NOTE: updated diags config
[Feb 21 07:43:21.162] traffic_server NOTE: storage.config loading ...
[Feb 21 07:43:21.162] traffic_server WARNING: unable to open '/opt/trafficserver/var/trafficserver': No such file or directory
[Feb 21 07:43:21.162] traffic_server NOTE: storage.config finished loading
[Feb 21 07:43:21.176] traffic_server NOTE: ip_allow.yaml loading ...
[Feb 21 07:43:21.176] traffic_server NOTE: ip_allow.yaml finished loading
[Feb 21 07:43:21.176] traffic_server NOTE: parent.config loading ...
[Feb 21 07:43:21.176] traffic_server NOTE: parent.config finished loading
[Feb 21 07:43:21.177] traffic_server NOTE: /opt/trafficserver/etc/logging.yaml loading ...
[Feb 21 07:43:21.177] traffic_server NOTE: /opt/trafficserver/etc/logging.yaml finished loading
[Feb 21 07:43:21.178] traffic_server NOTE: logging initialized[3], logging_mode = 3
[Feb 21 07:43:21.178] traffic_server NOTE: Initialized plugin_dynamic_reload_mode: 1
[Feb 21 07:43:21.178] traffic_server NOTE: plugin.config loading ...
[Feb 21 07:43:21.179] traffic_server NOTE: plugin.config finished loading
[Feb 21 07:43:21.179] traffic_server NOTE: /opt/trafficserver/etc/sni.yaml loading ...
[Feb 21 07:43:21.179] traffic_server NOTE: /opt/trafficserver/etc/sni.yaml finished loading
[Feb 21 07:43:21.179] traffic_server NOTE: ssl_multicert.config loading ...
[Feb 21 07:43:21.179] traffic_server NOTE: /opt/trafficserver/etc/ssl_multicert.config finished loading
[Feb 21 07:43:21.179] traffic_server NOTE: volume.config loading ...
[Feb 21 07:43:21.179] traffic_server NOTE: volume.config finished loading
[Feb 21 07:43:21.179] traffic_server WARNING: unable to open cache disk(s): Cache Disabled
[Feb 21 07:43:21.180] traffic_server NOTE: remap.config loading ...
[Feb 21 07:43:21.180] traffic_server NOTE: strategies.yaml loading ...
[Feb 21 07:43:21.180] traffic_server NOTE: No NextHop strategy configs were loaded.
[Feb 21 07:43:21.180] traffic_server NOTE: strategies.yaml finished loading
[Feb 21 07:43:21.180] traffic_server NOTE: remap.config finished loading
[Feb 21 07:43:21.180] traffic_server NOTE: Traffic Server is fully initialized.
[Feb 21 07:43:21.180] [TS_MAIN] NOTE: traffic server running
